[2021-05-25T14:53:42.687] [DEBUG] cheese - login => username:admin,password:123456
[2021-05-25T14:53:42.688] [DEBUG] cheese - admin
[2021-05-25T14:53:42.703] [DEBUG] cheese - null
[2021-05-25T14:53:42.703] [DEBUG] cheese - null
[2022-04-12T18:48:19.341] [DEBUG] cheese - login => username:admin,password:123456
[2022-04-12T18:48:19.399] [DEBUG] cheese - admin
[2022-04-12T18:48:19.576] [DEBUG] cheese - null
[2022-04-12T18:48:19.605] [DEBUG] cheese - null
[2022-04-13T17:33:42.738] [DEBUG] cheese - login => username:admin,password:123456
[2022-04-13T17:33:42.748] [DEBUG] cheese - admin
[2022-04-13T17:33:43.215] [DEBUG] cheese - null
[2022-04-13T17:33:43.217] [DEBUG] cheese - null
[2022-04-13T17:37:53.002] [DEBUG] cheese - login => username:admin,password:123456
[2022-04-13T17:37:53.003] [DEBUG] cheese - admin
[2022-04-13T17:37:53.192] [DEBUG] cheese - null
[2022-04-13T17:37:53.192] [DEBUG] cheese - null
[2022-04-13T17:43:13.979] [DEBUG] cheese - login => username:admin,password:123456
[2022-04-13T17:43:13.986] [DEBUG] cheese - admin
[2022-04-13T17:43:14.137] [DEBUG] cheese - null
[2022-04-13T17:43:14.137] [DEBUG] cheese - null
[2022-04-13T17:43:42.023] [DEBUG] cheese - login => username:admin,password:123456
[2022-04-13T17:43:42.024] [DEBUG] cheese - admin
[2022-04-13T17:43:42.030] [DEBUG] cheese - null
[2022-04-13T17:43:42.031] [DEBUG] cheese - null
[2022-04-16T14:44:50.308] [DEBUG] cheese - login => username:admin,password:123456
[2022-04-16T14:44:50.315] [DEBUG] cheese - admin
[2022-04-16T14:44:50.716] [DEBUG] cheese - null
[2022-04-16T14:44:50.717] [DEBUG] cheese - null
[2022-04-16T14:55:04.631] [DEBUG] cheese - login => username:admin,password:123456
[2022-04-16T14:55:04.633] [DEBUG] cheese - admin
[2022-04-16T14:55:06.459] [DEBUG] cheese - null
[2022-04-16T14:55:06.460] [DEBUG] cheese - null
[2022-04-16T15:16:51.828] [DEBUG] cheese - login => username:admin,password:123456
[2022-04-16T15:16:51.834] [DEBUG] cheese - admin
[2022-04-16T15:16:51.945] [DEBUG] cheese - null
[2022-04-16T15:16:51.945] [DEBUG] cheese - null
[2022-04-16T15:38:31.403] [DEBUG] cheese - login => username:admin,password:123456
[2022-04-16T15:38:31.405] [DEBUG] cheese - admin
[2022-04-16T15:38:33.247] [DEBUG] cheese - null
[2022-04-16T15:38:33.247] [DEBUG] cheese - null
[2022-04-16T17:53:31.178] [DEBUG] cheese - login => username:admin,password:123456
[2022-04-16T17:53:31.184] [DEBUG] cheese - admin
[2022-04-16T17:53:31.420] [DEBUG] cheese - null
[2022-04-16T17:53:31.422] [DEBUG] cheese - null
[2022-04-16T18:11:24.937] [DEBUG] cheese - login => username:admin,password:123456
[2022-04-16T18:11:24.944] [DEBUG] cheese - admin
[2022-04-16T18:11:25.076] [DEBUG] cheese - null
[2022-04-16T18:11:25.076] [DEBUG] cheese - null
[2022-04-17T16:46:38.738] [DEBUG] cheese - login => username:admin,password:123456
[2022-04-17T16:46:38.753] [DEBUG] cheese - admin
[2022-04-17T16:46:39.026] [DEBUG] cheese - null
[2022-04-17T16:46:39.028] [DEBUG] cheese - null
[2022-04-17T16:59:38.050] [DEBUG] cheese - null
[2022-04-17T16:59:59.599] [DEBUG] cheese - null
[2022-04-17T17:05:13.780] [DEBUG] cheese - null
[2022-04-17T17:05:43.416] [DEBUG] cheese - null
[2022-04-17T17:05:46.485] [DEBUG] cheese - null
[2022-04-17T17:05:48.807] [DEBUG] cheese - null
[2022-04-17T17:06:57.146] [DEBUG] cheese - null
[2022-04-17T17:06:58.825] [DEBUG] cheese - null
[2022-04-17T18:40:43.102] [DEBUG] cheese - login => username:admin,password:123456
[2022-04-17T18:40:43.120] [DEBUG] cheese - admin
[2022-04-17T18:40:43.386] [DEBUG] cheese - null
[2022-04-17T18:40:43.389] [DEBUG] cheese - null
[2022-04-18T14:02:45.237] [DEBUG] cheese - null
[2022-04-18T14:08:22.320] [DEBUG] cheese - null
[2022-04-18T14:08:24.890] [DEBUG] cheese - null
[2022-04-18T14:08:26.110] [DEBUG] cheese - null
[2022-04-18T14:08:27.354] [DEBUG] cheese - null
[2022-04-18T14:08:28.231] [DEBUG] cheese - null
[2022-04-18T14:08:29.134] [DEBUG] cheese - null
[2022-04-18T14:08:30.007] [DEBUG] cheese - null
[2022-04-18T14:13:52.981] [DEBUG] cheese - login => username:admin,password:123456
[2022-04-18T14:13:52.983] [DEBUG] cheese - admin
[2022-04-18T14:13:53.164] [DEBUG] cheese - null
[2022-04-18T14:13:53.165] [DEBUG] cheese - null
[2022-04-18T15:29:52.708] [DEBUG] cheese - null
[2022-04-18T15:41:40.821] [DEBUG] cheese - null
[2022-04-18T15:42:37.098] [DEBUG] cheese - null
[2022-04-19T14:13:47.120] [DEBUG] cheese - login => username:admin,password:123456
[2022-04-19T14:13:47.122] [DEBUG] cheese - admin
[2022-04-19T14:13:47.329] [DEBUG] cheese - null
[2022-04-19T14:13:47.329] [DEBUG] cheese - null
[2022-04-20T15:37:40.241] [DEBUG] cheese - login => username:admin,password:123456
[2022-04-20T15:37:40.247] [DEBUG] cheese - admin
[2022-04-20T15:37:40.488] [DEBUG] cheese - null
[2022-04-20T15:37:40.490] [DEBUG] cheese - null
[2022-04-20T17:34:16.578] [DEBUG] cheese - login => username:admin,password:123456
[2022-04-20T17:34:16.609] [DEBUG] cheese - admin
[2022-04-20T17:34:17.025] [DEBUG] cheese - null
[2022-04-20T17:34:17.029] [DEBUG] cheese - null
[2022-04-20T18:48:16.687] [DEBUG] cheese - login => username:admin,password:123456
[2022-04-20T18:48:16.713] [DEBUG] cheese - admin
[2022-04-20T18:48:17.025] [DEBUG] cheese - null
[2022-04-20T18:48:17.027] [DEBUG] cheese - null
[2022-04-20T18:54:28.395] [DEBUG] cheese - login => username:admin,password:123456
[2022-04-20T18:54:28.400] [DEBUG] cheese - admin
[2022-04-20T18:54:28.460] [DEBUG] cheese - null
[2022-04-20T18:54:28.462] [DEBUG] cheese - null
[2022-04-21T13:55:47.163] [DEBUG] cheese - login => username:admin,password:123456
[2022-04-21T13:55:47.166] [DEBUG] cheese - admin
[2022-04-21T13:55:47.417] [DEBUG] cheese - null
[2022-04-21T13:55:47.418] [DEBUG] cheese - null
[2022-04-21T16:33:14.890] [DEBUG] cheese - login => username:admin,password:123456
[2022-04-21T16:33:14.902] [DEBUG] cheese - admin
[2022-04-21T16:33:15.030] [DEBUG] cheese - null
[2022-04-21T16:33:15.033] [DEBUG] cheese - null
[2022-04-21T17:05:02.616] [DEBUG] cheese - login => username:admin,password:123456
[2022-04-21T17:05:02.622] [DEBUG] cheese - admin
[2022-04-21T17:05:02.689] [DEBUG] cheese - null
[2022-04-21T17:05:02.689] [DEBUG] cheese - null
[2022-04-21T17:08:18.025] [DEBUG] cheese - login => username:admin,password:123456
[2022-04-21T17:08:18.028] [DEBUG] cheese - admin
[2022-04-21T17:08:18.119] [DEBUG] cheese - null
[2022-04-21T17:08:18.119] [DEBUG] cheese - null
[2022-04-21T17:18:19.917] [DEBUG] cheese - login => username:admin,password:123456
[2022-04-21T17:18:19.924] [DEBUG] cheese - admin
[2022-04-21T17:18:20.446] [DEBUG] cheese - null
[2022-04-21T17:18:20.446] [DEBUG] cheese - null
[2022-04-21T17:20:29.124] [DEBUG] cheese - login => username:admin,password:123456
[2022-04-21T17:20:29.128] [DEBUG] cheese - admin
[2022-04-21T17:20:29.137] [DEBUG] cheese - null
[2022-04-21T17:20:29.138] [DEBUG] cheese - null
[2022-04-21T17:28:31.486] [DEBUG] cheese - login => username:admin,password:123456
[2022-04-21T17:28:31.488] [DEBUG] cheese - admin
[2022-04-21T17:28:31.973] [DEBUG] cheese - null
[2022-04-21T17:28:31.974] [DEBUG] cheese - null
[2022-04-21T17:31:58.688] [DEBUG] cheese - login => username:admin,password:123456
[2022-04-21T17:31:58.693] [DEBUG] cheese - admin
[2022-04-21T17:31:58.699] [DEBUG] cheese - null
[2022-04-21T17:31:58.700] [DEBUG] cheese - null
